SF:lib\src\modules\home\data\repositories\get_films_repository_impl.dart
DA:7,0
DA:8,0
DA:11,1
DA:15,1
DA:18,2
DA:19,1
DA:20,2
DA:21,2
DA:29,0
DA:32,0
DA:33,0
DA:34,0
DA:35,0
LF:13
LH:6
end_of_record
SF:lib\src\modules\home\domain\models\dtos\film_dto.dart
DA:17,1
DA:34,2
DA:35,1
DA:36,1
DA:38,4
DA:39,1
DA:40,1
DA:41,1
DA:42,1
DA:43,2
DA:44,1
DA:45,1
DA:46,1
DA:47,1
DA:48,2
DA:49,1
DA:52,0
DA:53,0
DA:54,0
DA:55,0
DA:56,0
DA:57,0
DA:58,0
DA:59,0
DA:60,0
DA:61,0
DA:62,0
DA:63,0
DA:64,0
DA:65,0
DA:66,0
LF:31
LH:16
end_of_record
SF:lib\src\modules\home\domain\usecases\get_films_usecase_impl.dart
DA:8,0
DA:9,0
DA:12,1
DA:16,1
DA:19,2
DA:20,1
DA:22,2
DA:26,0
DA:29,0
DA:30,0
DA:32,0
LF:11
LH:5
end_of_record
SF:lib\src\modules\home\shared\response\response_presentation.dart
DA:2,1
DA:12,2
DA:17,2
DA:22,0
DA:24,0
LF:5
LH:3
end_of_record
